<?xml version="1.0" encoding="UTF-8"?>
<coverage generated="1614095413845" clover="3.2.0">
  <project timestamp="1614095413845" name="All files">
    <metrics statements="22" coveredstatements="22" conditionals="3" coveredconditionals="3" methods="1" coveredmethods="1" elements="26" coveredelements="26" complexity="0" loc="22" ncloc="22" packages="1" files="2" classes="2"/>
    <file name="createElement.ts" path="/Users/giuliofagioli/Documents/personale/aleli/src/createElement/createElement.ts">
      <metrics statements="16" coveredstatements="16" conditionals="3" coveredconditionals="3" methods="1" coveredmethods="1"/>
      <line num="1" count="1" type="stmt"/>
      <line num="2" count="1" type="stmt"/>
      <line num="3" count="5" type="cond" truecount="1" falsecount="0"/>
      <line num="4" count="5" type="stmt"/>
      <line num="5" count="5" type="stmt"/>
      <line num="6" count="5" type="stmt"/>
      <line num="7" count="5" type="stmt"/>
      <line num="8" count="5" type="cond" truecount="2" falsecount="0"/>
      <line num="9" count="5" type="stmt"/>
      <line num="10" count="5" type="stmt"/>
      <line num="11" count="5" type="stmt"/>
      <line num="12" count="5" type="stmt"/>
      <line num="13" count="5" type="stmt"/>
      <line num="14" count="1" type="stmt"/>
      <line num="15" count="1" type="stmt"/>
      <line num="16" count="1" type="stmt"/>
    </file>
    <file name="index.ts" path="/Users/giuliofagioli/Documents/personale/aleli/src/createElement/index.ts">
      <metrics statements="6" coveredstatements="6" conditionals="0" coveredconditionals="0" methods="0" coveredmethods="0"/>
      <line num="1" count="1" type="stmt"/>
      <line num="2" count="1" type="stmt"/>
      <line num="3" count="1" type="stmt"/>
      <line num="4" count="1" type="stmt"/>
      <line num="5" count="1" type="stmt"/>
      <line num="6" count="1" type="stmt"/>
    </file>
  </project>
</coverage>
